<?xml version="1.0" encoding="UTF-8"?>
<testsuite name="com.adventure.MT2" tests="2" skipped="0" failures="0" errors="0" timestamp="2022-02-27T03:14:26" hostname="DESKTOP-DM9UR74" time="0.032">
  <properties/>
  <testcase name="canOpenDoor()" classname="com.adventure.MT2" time="0.028"/>
  <testcase name="setName()" classname="com.adventure.MT2" time="0.003"/>
  <system-out><![CDATA[]]></system-out>
  <system-err><![CDATA[]]></system-err>
</testsuite>
