<?xml version="1.0" encoding="UTF-8"?>
<testsuite name="com.adventure.MT1" tests="1" skipped="0" failures="0" errors="0" timestamp="2022-02-28T16:27:37" hostname="DESKTOP-DM9UR74" time="0.027">
  <properties/>
  <testcase name="smokeTest()" classname="com.adventure.MT1" time="0.027"/>
  <system-out><![CDATA[]]></system-out>
  <system-err><![CDATA[]]></system-err>
</testsuite>
