<?xml version="1.0" encoding="UTF-8"?>
<testsuite name="com.adventure.MT9" tests="1" skipped="0" failures="0" errors="0" timestamp="2022-03-02T14:26:42" hostname="DESKTOP-DM9UR74" time="0.028">
  <properties/>
  <testcase name="testOmniDoorKey()" classname="com.adventure.MT9" time="0.028"/>
  <system-out><![CDATA[the door is unlocked!
]]></system-out>
  <system-err><![CDATA[]]></system-err>
</testsuite>
